[INFO] [UHD] linux; GNU C++ version 11.4.0; Boost_107400; DPDK_21.11; UHD_
[INFO] [X300] X300 initialization sequence...
[INFO] [X300] Connecting to niusrpriorpc at localhost:5444...
[INFO] [X300] Using LVBITX bitfile /usr/local/share/uhd/images/usrp_x310_fpga_XG.lvbitx
[INFO] [GPS] Found an internal GPSDO: LC_XO, Firmware Rev 1.101
[WARNING] [GPS] update_cache(): Malformed GPSDO string: LC_XO, Firmware Rev 1.101
[INFO] [X300] Radio 1x clock: 184.32 MHz
10:07:54.854599 WARNING   RADIO      usrp_radio.cpp:50          USRP has 2 channels, we use 1 of them
10:07:54.854678 INFO      RADIO      usrp_radio.cpp:60          Using chunk size of 8192
10:07:54.854695 INFO      RADIO      usrp_radio.cpp:65          CH 0 USRP Rx Freq: 3450 MHz Gain Range: (0 dB -> 37.5 dB), setting to 15 dB
10:07:54.854800 INFO      RADIO      usrp_radio.cpp:89          CH 0 USRP Tx Freq: 3450 MHz Gain Range: (0 dB -> 31.5 dB), setting to 0 dB
10:07:54.911081 INFO      RADIO      usrp_radio.cpp:118         Sync source: Device Address:
10:07:54.911081 INFO      RADIO      usrp_radio.cpp:118             clock_source: external
10:07:54.911081 INFO      RADIO      usrp_radio.cpp:118             time_source: external
10:07:54.911086 INFO      RADIO      usrp_radio.cpp:121         CH 0 Current Rx gain is 15 dB
10:07:54.911088 INFO      RADIO      usrp_radio.cpp:122         CH 0 Current Tx gain is 0 dB
10:07:54.911103 INFO      RADIO      usrp_radio.cpp:138         Device type is X310
10:07:56.911436 INFO      RADIO      usrp_radio.cpp:172         Current time is 2 seconds
10:07:57.754812 INFO      RADIO      usrp_radio.cpp:216         Changed the affinity of the uhd_ctrl thread
10:07:57.755110 INFO      RADIO      usrp_radio.cpp:270         Setting CPU affinity to 12
10:07:57.755530 INFO      SYNC       nr_sync_signals.cpp:25     Init Sync [logger.earfcn: 0, logger.pci: 500, logger.tti: 0.0:0, n_id_1 * 3 + n_id_2: 500, carrier.delta_f: 30000, carrier.mu: 1, carrier.fft_size: 6144, carrier.samp_rate: 184320000, cell_ssb_config: {"ssb_start_subcarrier_index":2352,"ssb_pattern":"SSB_CASE_C","ssb_pattern_enabled":[true,true,true,true,true,true,true,true],"ssb_period_subframes":10,"Lmax":8,"initialized":true}]
10:07:57.977949 ERROR     OTHER      thread_pool.cpp:15         No CPUs specified for thread pool measurement-collector, not creating real-time thread. called from: threads::thread_pool::thread_pool @ thread_pool.cpp:15:9 <-- nr::measurement_collector::measurement_collector @ measurement_collector.cpp:17:7 <-- nr::nr_dl_decode_cell::nr_dl_decode_cell @ nr_dl_decode_cell.cpp:31:7 <-- main @ dl_decode_main.cpp:179:50 <-- __libc_start_call_main @ libc_start_call_main.h:58:16 <-- __libc_start_main_impl @ libc-start.c:360:3 <--  @ nr_dl_decode
10:07:57.978101 INFO      CELL       nr_dl_decode_cell.cpp:37   PCI [pci_: 500, pci_ / 3: 166, pci_ % 3: 2]
10:07:57.978140 ERROR     OTHER      thread_pool.cpp:25         No CPUs specified for thread pool measurement-collector, not creating real-time thread.
UL10:07:58.753035 ERROR     RADIO      usrp_radio.cpp:520         Async message received: 2 rx_timestamp 3.9221973198784723 err_timestamp 3.9223517144097224
10:07:58.753035 ERROR     RADIO      usrp_radio.cpp:527         going into TX_EOB state
LLLLLLLLLLLLLLLLLLLLLLLL10:07:58.764569 INFO      SYNC       nr_sync_signals.cpp:517    [0,500] [340.0:5] Decoded MIB {"snr":1604.544921875,"cfo":45.052734375}, {"pci":500,"n_hf":0,"ssb_idx":0,"sfn":340,"Lmax":0,"ss0_idx":4,"cell_barred":false,"coreset0_idx":10,"intra_freq_reselection":true,"scs_ssb_hz":30000,"scs_common_hz":30000,"ssb_offset":12,"dmrs_typeA_pos":2}
10:07:58.765382 INFO      CELL       nr_pdsch_decoder.cpp:66    Initializing srsRAN PDSCH decoder [logger.earfcn: 630000, logger.pci: 500, logger.tti: 0.0:0, symbol_sz: 3300, carrier.nof_prb: 275, carrier.offset_to_carrier: 0]
10:07:58.767341 ERROR     SYNC       nr_sync_signals.cpp:230    [0,500] [340.2:12] Overflow!
10:07:58.767438 INFO      SYNC       nr_sync_signals.cpp:300    [0,500] [340.12:13] Synchronized again!
10:07:58.786485 WARNING   CELL       nr_pdsch_decoder.cpp:247   [630000,500] [342.10:2] [FFFF] PDSCH decoding succeeded: CRC OK, SNR=32.0 dB, but payload is all zero
10:07:58.798543 ERROR     RADIO      usrp_radio.cpp:384         TX EOB ACK timeout
10:07:58.806561 INFO      CELL       nr_si_decoder.cpp:60       [630000,500] [0.0:0] Found SIB1 {"cellSelectionInfo":{"q-RxLevMin":-70,"q-QualMin":-20},"cellAccessRelatedInfo":{"plmn-IdentityList":[{"plmn-IdentityList":[{"mcc":[0,0,1],"mnc":[0,1]}],"trackingAreaCode":"000000000000000111110100","cellIdentity":"000000000001001000110100010100000001","cellReservedForOperatorUse":"notReserved"}]},"servingCellConfigCommon":{"downlinkConfigCommon":{"frequencyInfoDL":{"frequencyBandList":[{"freqBandIndicatorNR":78}],"offsetToPointA":152,"scs-SpecificCarrierList":[{"offsetToCarrier":0,"subcarrierSpacing":"kHz30","carrierBandwidth":273}]},"initialDownlinkBWP":{"genericParameters":{"locationAndBandwidth":1099,"subcarrierSpacing":"kHz30"},"pdcch-ConfigCommon":{"setup":{"commonSearchSpaceList":[{"searchSpaceId":1,"controlResourceSetId":0,"monitoringSlotPeriodicityAndOffset":{},"monitoringSymbolsWithinSlot":"10000000000000","nrofCandidates":{"aggregationLevel1":"n0","aggregationLevel2":"n0","aggregationLevel4":"n4","aggregationLevel8":"n0","aggregationLevel16":"n0"},"searchSpaceType":{"common":{"dci-Format0-0-AndFormat1-0":{}}}}],"searchSpaceSIB1":0,"searchSpaceOtherSystemInformation":1,"pagingSearchSpace":1,"ra-SearchSpace":1}},"pdsch-ConfigCommon":{"setup":{"pdsch-TimeDomainAllocationList":[{"mappingType":"typeA","startSymbolAndLength":40},{"mappingType":"typeA","startSymbolAndLength":96}]}}},"bcch-Config":{"modificationPeriodCoeff":"n4"},"pcch-Config":{"defaultPagingCycle":"rf128","nAndPagingFrameOffset":{},"ns":"one"}},"uplinkConfigCommon":{"frequencyInfoUL":{"scs-SpecificCarrierList":[{"offsetToCarrier":0,"subcarrierSpacing":"kHz30","carrierBandwidth":273}]},"initialUplinkBWP":{"genericParameters":{"locationAndBandwidth":1099,"subcarrierSpacing":"kHz30"},"rach-ConfigCommon":{"setup":{"rach-ConfigGeneric":{"prach-ConfigurationIndex":160,"msg1-FDM":"one","msg1-FrequencyStart":0,"zeroCorrelationZoneConfig":15,"preambleReceivedTargetPower":-60,"preambleTransMax":"n7","powerRampingStep":"dB4","ra-ResponseWindow":"sl20"},"ssb-perRACH-OccasionAndCB-PreamblesPerSSB":{"one":"n8"},"ra-ContentionResolutionTimer":"sf64","prach-RootSequenceIndex":{"l139":1},"msg1-SubcarrierSpacing":"kHz30","restrictedSetConfig":"unrestrictedSet"}},"pusch-ConfigCommon":{"setup":{"pusch-TimeDomainAllocationList":[{"k2":4,"mappingType":"typeA","startSymbolAndLength":27},{"k2":3,"mappingType":"typeA","startSymbolAndLength":27}],"p0-NominalWithGrant":-84}},"pucch-ConfigCommon":{"setup":{"pucch-ResourceCommon":11,"pucch-GroupHopping":"neither","p0-nominal":-96}}},"timeAlignmentTimerCommon":"infinity"},"ssb-PositionsInBurst":{"inOneGroup":"10000000"},"ssb-PeriodicityServingCell":"ms20","tdd-UL-DL-ConfigurationCommon":{"referenceSubcarrierSpacing":"kHz30","pattern1":{"dl-UL-TransmissionPeriodicity":"ms2p5","nrofDownlinkSlots":3,"nrofDownlinkSymbols":10,"nrofUplinkSlots":1,"nrofUplinkSymbols":2}},"ss-PBCH-BlockPower":-35},"ue-TimersAndConstants":{"t300":"ms1000","t301":"ms1000","t310":"ms1000","n310":"n1","t311":"ms30000","n311":"n1","t319":"ms1000"}} - RAW: 64810170104004020003e8002468a034842684c000018830225987cdc100800008020001041a22830121000000c41c0896644a0001f1c9563e02494620dc31b76ad8d5d0082a03a009195b461400000000000000
10:07:58.806564 INFO      CELL       nr_dl_decode_cell.cpp:193  RACH Parameters [logger.earfcn: 630000, logger.pci: 500, logger.tti: 344.10:13, rach_cfg_common.rach_cfg_generic.prach_cfg_idx: 160, rach_cfg_common.rach_cfg_generic.zero_correlation_zone_cfg: 15, rach_cfg_common.prach_root_seq_idx.l139(): 1, rach_cfg_common.rach_cfg_generic.ra_resp_win.to_number(): 20]
ULL10:07:58.806851 ERROR     RADIO      usrp_radio.cpp:520         Async message received: 2 rx_timestamp 3.9759306532118055 err_timestamp 3.976087521701389
10:07:58.806851 ERROR     RADIO      usrp_radio.cpp:527         going into TX_EOB state
LLLLLLLLLLLL10:07:58.807455 INFO      CELL       nr_pdsch_decoder.cpp:66    Initializing srsRAN PDSCH decoder [logger.earfcn: 630000, logger.pci: 500, logger.tti: 0.0:0, symbol_sz: 3300, carrier.nof_prb: 275, carrier.offset_to_carrier: 0]
LLLLLLLLLL10:07:58.808783 INFO      PHY        dci_decoder_1_0_rarnti.cpp:60 Looking for 1 RA-RNTIs: 010d
10:07:58.809713 INFO      CELL       nr_pdsch_decoder.cpp:66    Initializing srsRAN PDSCH decoder [logger.earfcn: 630000, logger.pci: 500, logger.tti: 0.0:0, symbol_sz: 3300, carrier.nof_prb: 275, carrier.offset_to_carrier: 0]
10:07:58.811177 INFO      OTHER      nr_pusch_encoder.cpp:35    Creating NR PUSCH Encoder with 273 PRBs
10:07:58.812729 INFO      OTHER      nr_pusch_encoder.cpp:35    Creating NR PUSCH Encoder with 273 PRBs
10:07:58.814281 ERROR     SYNC       nr_sync_signals.cpp:230    [0,500] [344.12:12] Overflow!
10:07:58.814365 INFO      SYNC       nr_sync_signals.cpp:300    [0,500] [345.6:11] Synchronized again!
10:07:58.852227 ERROR     RADIO      usrp_radio.cpp:384         TX EOB ACK timeout
10:08:03.830754 INFO      MULTI_CELL multi_cell_radio.cpp:137   Rx 0 Stats: RMS -44.092472 dBFS, Max -14.809135 dBFS, calculated over the last 935985152 samples
10:08:11.227536 ERROR     SYNC       nr_sync_signals.cpp:230    [0,500] [562.10:9] Overflow!
10:08:11.227630 INFO      SYNC       nr_sync_signals.cpp:300    [0,500] [562.13:4] Synchronized again!
10:08:11.232096 WARNING   UE         nr_ue_state.cpp:117        [630000,500] [563.1:0] [4602] Attacking UE (attack_all is true)
10:08:11.232096 WARNING   UE         nr_ue_state.cpp:150        [630000,500] [563.1:0] [4602] RRC Setup received
10:08:11.232248 INFO      OTHER      dci_decoder_x_1_crnti.cpp:41 [630000,500] [0.0:0] [4602] Created 0_1 UL CRNTI decoder for 41 bits carrier_indicator_bits: 0 ul_sul_indicator_bits: 0 bwp_indicator_bits: 0 freq_domain_resource_assignment_bits: 16 time_domain_resource_assignment_bits: 1 freq_hopping_flag_bits: 0 first_dl_assignment_idx_bits: 2 second_dl_assignment_idx_bits: 0 srs_resource_indicator_bits: 0 precoding_information_bits: 0 antenna_ports_bits: 3 srs_request_bits: 2 csi_request_bits: 0 cbg_transmission_information_bits: 0 ptrs_dmrs_association_bits: 0 beta_offset_indicator_bits: 0 dmrs_sequence_initialization_bits: 1 pusch_cfg_common_cached_present: 1 ul_bwp_n_rbs: 273 scs_common_hz: 30000 c_rnti: 17922
10:08:11.232249 INFO      OTHER      dci_decoder_x_1_crnti.cpp:46 [630000,500] [0.0:0] [4602] Created 1_1 DL CRNTI decoder for 46 bits, carrier_indicator_bits: 0 bwp_indicator_bits: 0 freq_domain_resource_assignment_bits: 16 time_domain_resource_assignment_bits: 1 vrb_to_prb_bits: 0 prb_bundling_size_bits: 0 rate_matching_indicator_bits: 0 zp_csi_rs_bits: 0 max_nr_codewords_scheduled: 1 dl_assignment_idx_bits: 2 pdsch_to_harq_indicator_bits: 2 antenna_port_bits: 4 transmission_configuration_indication_bits: 0 cbg_transmission_information_bits: 0 cbg_flushing_out_information_bits: 0
10:08:11.248598 INFO      OTHER      dci_decoder_x_1_crnti.cpp:140 [630000,500] [564.15:0] [4602] Found UL DCI 0_1 format - 41 bits - 00010000000001010000000100000011010000001 - {"freq_domain_resource_assignment":8202,"time_domain_resource_assignment":0,"mcs":0,"new_data_indicator":true,"rv":0,"harq_pid":0,"first_downlink_assignment_index":3,"tpc_for_pusch":1,"antenna_ports":0,"srs_request":0,"dmrs_sequence_initialization":0,"ul_sch_indicator":true} -   DMRS:    type=1    add_pos=3    len=single    typeA_pos=2    rvd_pattern: begin=0 end=275 stride=1 sc=101010101010 symb=00100100100100   Grant:    rnti=0x4602    rnti_type=C-RNTI    k=4    mapping=A    t_alloc=0:14    f_alloc=12:31    nof_dmrs_cdm_grps=1    beta_dmrs=1.000000    nof_layers=1    n_scid=0    tb_scaling_field=0    CW0:      mod=QPSK      nof_layers=1      mcs=0      tbs=1064      R=0.117      rv=0      ndi=1      nof_re=4464      nof_bits=8928  SCH:    mcs_table=64qam    xoverhead=0
10:08:11.248678 INFO      UE         nr_ue_state.cpp:304        [630000,500] [564.15:0] [4602] Attacking with SERVICE_REJECT
10:08:11.248793 INFO      OTHER      nr_pusch_encoder.cpp:228   First Symbol 0 sent 1460.8682545138029us in advance, with -15.547365 dBFS RMS, -5.294511 dBFS Max
10:08:11.254082 INFO      OTHER      dci_decoder_x_1_crnti.cpp:172 [630000,500] [565.6:0] [4602] Found DL DCI 1_1 format - 46 bits - 1000000010001000100000000000000001000010000000 - {"freq_domain_resource_assignment":273,"time_domain_resource_assignment":0,"tbs":[{"mcs":0,"new_data_indicator":false,"rv":0}],"harq_pid":0,"downlink_assignment_index":0,"tpc_for_pucch":1,"pucch_resource_indicator":0,"pdsch_to_harq_feedback_timing_indicator":1,"antenna_ports_and_number_of_layers":0,"srs_request":0,"dmrs_sequence_initialization":false} -   DMRS:    type=1    add_pos=2    len=single    typeA_pos=2    rvd_pattern: begin=0 end=275 stride=1 sc=101010101010 symb=00100001000100   Grant:    rnti=0x4602    rnti_type=C-RNTI    k=0    mapping=A    t_alloc=1:13    f_alloc=0:2    nof_dmrs_cdm_grps=1    beta_dmrs=1.000000    nof_layers=1    n_scid=0    tb_scaling_field=0    CW0:      mod=QPSK      nof_layers=1      mcs=0      tbs=64      R=0.117      rv=0      ndi=0      nof_re=276      nof_bits=552  SCH:    mcs_table=64qam    xoverhead=0
10:08:11.254489 INFO      UE         nr_ue_state.cpp:428        [630000,500] [565.6:0] [4602] Failed to Prase RLC, LCID: 1, Data: 000100
10:08:11.254582 INFO      OTHER      dci_decoder_x_1_crnti.cpp:172 [630000,500] [565.7:0] [4602] Found DL DCI 1_1 format - 46 bits - 1000001010101000000000010000010101000100000000 - {"freq_domain_resource_assignment":1360,"time_domain_resource_assignment":0,"tbs":[{"mcs":0,"new_data_indicator":true,"rv":0}],"harq_pid":1,"downlink_assignment_index":1,"tpc_for_pucch":1,"pucch_resource_indicator":0,"pdsch_to_harq_feedback_timing_indicator":2,"antenna_ports_and_number_of_layers":0,"srs_request":0,"dmrs_sequence_initialization":false} -   DMRS:    type=1    add_pos=2    len=single    typeA_pos=2    rvd_pattern: begin=0 end=275 stride=1 sc=101010101010 symb=00100001000100   Grant:    rnti=0x4602    rnti_type=C-RNTI    k=0    mapping=A    t_alloc=1:13    f_alloc=268:5    nof_dmrs_cdm_grps=1    beta_dmrs=1.000000    nof_layers=1    n_scid=0    tb_scaling_field=0    CW0:      mod=QPSK      nof_layers=1      mcs=0      tbs=160      R=0.117      rv=0      ndi=1      nof_re=690      nof_bits=1380  SCH:    mcs_table=64qam    xoverhead=0
10:08:11.254999 WARNING   UE         nr_ue_state.cpp:511        [630000,500] [565.7:0] [4602] NAS Type: Service reject, erasing UE state
10:08:13.830751 INFO      MULTI_CELL multi_cell_radio.cpp:137   Rx 0 Stats: RMS -44.08373 dBFS, Max -14.71164 dBFS, calculated over the last 1843200000 samples
10:08:17.541471 INFO      SYNC       nr_sync_signals.cpp:201    [0,500] [170.0:13] realigning by -10, receiving 6662 at idx 10 (1x)
10:08:21.262077 WARNING   UE         nr_ue_state.cpp:117        [630000,500] [542.1:0] [4603] Attacking UE (attack_all is true)
10:08:21.262077 WARNING   UE         nr_ue_state.cpp:150        [630000,500] [542.1:0] [4603] RRC Setup received
10:08:21.262214 INFO      OTHER      dci_decoder_x_1_crnti.cpp:41 [630000,500] [0.0:0] [4603] Created 0_1 UL CRNTI decoder for 41 bits carrier_indicator_bits: 0 ul_sul_indicator_bits: 0 bwp_indicator_bits: 0 freq_domain_resource_assignment_bits: 16 time_domain_resource_assignment_bits: 1 freq_hopping_flag_bits: 0 first_dl_assignment_idx_bits: 2 second_dl_assignment_idx_bits: 0 srs_resource_indicator_bits: 0 precoding_information_bits: 0 antenna_ports_bits: 3 srs_request_bits: 2 csi_request_bits: 0 cbg_transmission_information_bits: 0 ptrs_dmrs_association_bits: 0 beta_offset_indicator_bits: 0 dmrs_sequence_initialization_bits: 1 pusch_cfg_common_cached_present: 1 ul_bwp_n_rbs: 273 scs_common_hz: 30000 c_rnti: 17923
10:08:21.262215 INFO      OTHER      dci_decoder_x_1_crnti.cpp:46 [630000,500] [0.0:0] [4603] Created 1_1 DL CRNTI decoder for 46 bits, carrier_indicator_bits: 0 bwp_indicator_bits: 0 freq_domain_resource_assignment_bits: 16 time_domain_resource_assignment_bits: 1 vrb_to_prb_bits: 0 prb_bundling_size_bits: 0 rate_matching_indicator_bits: 0 zp_csi_rs_bits: 0 max_nr_codewords_scheduled: 1 dl_assignment_idx_bits: 2 pdsch_to_harq_indicator_bits: 2 antenna_port_bits: 4 transmission_configuration_indication_bits: 0 cbg_transmission_information_bits: 0 cbg_flushing_out_information_bits: 0
10:08:21.288587 INFO      OTHER      dci_decoder_x_1_crnti.cpp:140 [630000,500] [544.15:0] [4603] Found UL DCI 0_1 format - 41 bits - 00010000000001010000000100000011010000001 - {"freq_domain_resource_assignment":8202,"time_domain_resource_assignment":0,"mcs":0,"new_data_indicator":true,"rv":0,"harq_pid":0,"first_downlink_assignment_index":3,"tpc_for_pusch":1,"antenna_ports":0,"srs_request":0,"dmrs_sequence_initialization":0,"ul_sch_indicator":true} -   DMRS:    type=1    add_pos=3    len=single    typeA_pos=2    rvd_pattern: begin=0 end=275 stride=1 sc=101010101010 symb=00100100100100   Grant:    rnti=0x4603    rnti_type=C-RNTI    k=4    mapping=A    t_alloc=0:14    f_alloc=12:31    nof_dmrs_cdm_grps=1    beta_dmrs=1.000000    nof_layers=1    n_scid=0    tb_scaling_field=0    CW0:      mod=QPSK      nof_layers=1      mcs=0      tbs=1064      R=0.117      rv=0      ndi=1      nof_re=4464      nof_bits=8928  SCH:    mcs_table=64qam    xoverhead=0
10:08:21.288666 INFO      UE         nr_ue_state.cpp:304        [630000,500] [544.15:0] [4603] Attacking with REGISTRATION_REJECT
10:08:21.288772 INFO      OTHER      nr_pusch_encoder.cpp:228   First Symbol 0 sent 1460.8140010417546us in advance, with -15.54737 dBFS RMS, -6.514841 dBFS Max
10:08:21.294079 INFO      OTHER      dci_decoder_x_1_crnti.cpp:172 [630000,500] [545.6:0] [4603] Found DL DCI 1_1 format - 46 bits - 1000000010001001100000000000000001001010000000 - {"freq_domain_resource_assignment":275,"time_domain_resource_assignment":0,"tbs":[{"mcs":0,"new_data_indicator":false,"rv":0}],"harq_pid":0,"downlink_assignment_index":0,"tpc_for_pucch":1,"pucch_resource_indicator":1,"pdsch_to_harq_feedback_timing_indicator":1,"antenna_ports_and_number_of_layers":0,"srs_request":0,"dmrs_sequence_initialization":false} -   DMRS:    type=1    add_pos=2    len=single    typeA_pos=2    rvd_pattern: begin=0 end=275 stride=1 sc=101010101010 symb=00100001000100   Grant:    rnti=0x4603    rnti_type=C-RNTI    k=0    mapping=A    t_alloc=1:13    f_alloc=2:2    nof_dmrs_cdm_grps=1    beta_dmrs=1.000000    nof_layers=1    n_scid=0    tb_scaling_field=0    CW0:      mod=QPSK      nof_layers=1      mcs=0      tbs=64      R=0.117      rv=0      ndi=0      nof_re=276      nof_bits=552  SCH:    mcs_table=64qam    xoverhead=0
10:08:21.294488 INFO      UE         nr_ue_state.cpp:428        [630000,500] [545.6:0] [4603] Failed to Prase RLC, LCID: 1, Data: 000100
10:08:21.295057 INFO      OTHER      dci_decoder_x_1_crnti.cpp:172 [630000,500] [545.8:0] [4603] Found DL DCI 1_1 format - 46 bits - 1000001110111011110000010000010101001110000000 - {"freq_domain_resource_assignment":1911,"time_domain_resource_assignment":1,"tbs":[{"mcs":0,"new_data_indicator":true,"rv":0}],"harq_pid":1,"downlink_assignment_index":1,"tpc_for_pucch":1,"pucch_resource_indicator":1,"pdsch_to_harq_feedback_timing_indicator":3,"antenna_ports_and_number_of_layers":0,"srs_request":0,"dmrs_sequence_initialization":false} -   DMRS:    type=1    add_pos=2    len=single    typeA_pos=2    rvd_pattern: begin=0 end=275 stride=1 sc=101010101010 symb=00100010010000   Grant:    rnti=0x4603    rnti_type=C-RNTI    k=0    mapping=A    t_alloc=1:9    f_alloc=0:8    nof_dmrs_cdm_grps=1    beta_dmrs=1.000000    nof_layers=1    n_scid=0    tb_scaling_field=0    CW0:      mod=QPSK      nof_layers=1      mcs=0      tbs=168      R=0.117      rv=0      ndi=1      nof_re=720      nof_bits=1440  SCH:    mcs_table=64qam    xoverhead=0
10:08:21.295338 WARNING   UE         nr_ue_state.cpp:511        [630000,500] [545.8:0] [4603] NAS Type: Registration reject, erasing UE state
10:08:23.830760 INFO      MULTI_CELL multi_cell_radio.cpp:137   Rx 0 Stats: RMS -44.02794 dBFS, Max -13.599315 dBFS, calculated over the last 1843200000 samples
^Cterminate called without an active exception
terminate called recursively
