[INFO] [UHD] linux; GNU C++ version 11.4.0; Boost_107400; DPDK_21.11; UHD_
[INFO] [X300] X300 initialization sequence...
[INFO] [X300] Connecting to niusrpriorpc at localhost:5444...
[INFO] [X300] Using LVBITX bitfile /usr/local/share/uhd/images/usrp_x310_fpga_XG.lvbitx
[INFO] [GPS] Found an internal GPSDO: LC_XO, Firmware Rev 1.101
[WARNING] [GPS] update_cache(): Malformed GPSDO string: LC_XO, Firmware Rev 1.101
[INFO] [X300] Radio 1x clock: 184.32 MHz
10:29:01.518624 WARNING   RADIO      usrp_radio.cpp:50          USRP has 2 channels, we use 1 of them
10:29:01.518713 INFO      RADIO      usrp_radio.cpp:60          Using chunk size of 8192
10:29:01.518721 INFO      RADIO      usrp_radio.cpp:65          CH 0 USRP Rx Freq: 3450 MHz Gain Range: (0 dB -> 37.5 dB), setting to 15 dB
10:29:01.518822 INFO      RADIO      usrp_radio.cpp:89          CH 0 USRP Tx Freq: 3450 MHz Gain Range: (0 dB -> 31.5 dB), setting to 0 dB
10:29:01.585121 INFO      RADIO      usrp_radio.cpp:118         Sync source: Device Address:
10:29:01.585121 INFO      RADIO      usrp_radio.cpp:118             clock_source: external
10:29:01.585121 INFO      RADIO      usrp_radio.cpp:118             time_source: external
10:29:01.585125 INFO      RADIO      usrp_radio.cpp:121         CH 0 Current Rx gain is 15 dB
10:29:01.585127 INFO      RADIO      usrp_radio.cpp:122         CH 0 Current Tx gain is 0 dB
10:29:01.585142 INFO      RADIO      usrp_radio.cpp:138         Device type is X310
10:29:03.585512 INFO      RADIO      usrp_radio.cpp:172         Current time is 2 seconds
10:29:04.418613 INFO      RADIO      usrp_radio.cpp:216         Changed the affinity of the uhd_ctrl thread
10:29:04.418864 INFO      RADIO      usrp_radio.cpp:270         Setting CPU affinity to 12
10:29:04.419351 INFO      SYNC       nr_sync_signals.cpp:25     Init Sync [logger.earfcn: 0, logger.pci: 500, logger.tti: 0.0:0, n_id_1 * 3 + n_id_2: 500, carrier.delta_f: 30000, carrier.mu: 1, carrier.fft_size: 6144, carrier.samp_rate: 184320000, cell_ssb_config: {"ssb_start_subcarrier_index":2352,"ssb_pattern":"SSB_CASE_C","ssb_pattern_enabled":[true,true,true,true,true,true,true,true],"ssb_period_subframes":10,"Lmax":8,"initialized":true}]
10:29:04.641372 ERROR     OTHER      thread_pool.cpp:15         No CPUs specified for thread pool measurement-collector, not creating real-time thread. called from: threads::thread_pool::thread_pool @ thread_pool.cpp:15:9 <-- nr::measurement_collector::measurement_collector @ measurement_collector.cpp:17:7 <-- nr::nr_dl_decode_cell::nr_dl_decode_cell @ nr_dl_decode_cell.cpp:31:7 <-- main @ dl_decode_main.cpp:179:50 <-- __libc_start_call_main @ libc_start_call_main.h:58:16 <-- __libc_start_main_impl @ libc-start.c:360:3 <--  @ nr_dl_decode
10:29:04.641532 INFO      CELL       nr_dl_decode_cell.cpp:37   PCI [pci_: 500, pci_ / 3: 166, pci_ % 3: 2]
10:29:04.641577 ERROR     OTHER      thread_pool.cpp:25         No CPUs specified for thread pool measurement-collector, not creating real-time thread.
UL10:29:05.416915 ERROR     RADIO      usrp_radio.cpp:520         Async message received: 2 rx_timestamp 3.9221095052083332 err_timestamp 3.922219455295139
10:29:05.416915 ERROR     RADIO      usrp_radio.cpp:527         going into TX_EOB state
LLLLLLLLLLLLLLLLLLLLLLLLLLLLLLLL10:29:05.462769 ERROR     RADIO      usrp_radio.cpp:384         TX EOB ACK timeout
10:29:05.548350 INFO      SYNC       nr_sync_signals.cpp:402    [0,500] [0.0:0] Received 24032 samples in FIND
10:29:05.704010 INFO      SYNC       nr_sync_signals.cpp:517    [0,500] [58.0:5] Decoded MIB {"snr":1603.1339111328125,"cfo":-5.600488662719727}, {"pci":500,"n_hf":0,"ssb_idx":0,"sfn":58,"Lmax":0,"ss0_idx":4,"cell_barred":false,"coreset0_idx":10,"intra_freq_reselection":true,"scs_ssb_hz":30000,"scs_common_hz":30000,"ssb_offset":12,"dmrs_typeA_pos":2}
10:29:05.704325 INFO      CELL       nr_pdsch_decoder.cpp:66    Initializing srsRAN PDSCH decoder [logger.earfcn: 630000, logger.pci: 500, logger.tti: 0.0:0, symbol_sz: 3300, carrier.nof_prb: 275, carrier.offset_to_carrier: 0]
10:29:05.706023 ERROR     SYNC       nr_sync_signals.cpp:230    [0,500] [58.3:4] Overflow!
10:29:05.706105 INFO      SYNC       nr_sync_signals.cpp:300    [0,500] [58.10:10] Synchronized again!
10:29:05.726332 INFO      CELL       nr_si_decoder.cpp:60       [630000,500] [0.0:0] Found SIB1 {"cellSelectionInfo":{"q-RxLevMin":-70,"q-QualMin":-20},"cellAccessRelatedInfo":{"plmn-IdentityList":[{"plmn-IdentityList":[{"mcc":[0,0,1],"mnc":[0,1]}],"trackingAreaCode":"000000000000000111110100","cellIdentity":"000000000001001000110100010100000001","cellReservedForOperatorUse":"notReserved"}]},"servingCellConfigCommon":{"downlinkConfigCommon":{"frequencyInfoDL":{"frequencyBandList":[{"freqBandIndicatorNR":78}],"offsetToPointA":152,"scs-SpecificCarrierList":[{"offsetToCarrier":0,"subcarrierSpacing":"kHz30","carrierBandwidth":273}]},"initialDownlinkBWP":{"genericParameters":{"locationAndBandwidth":1099,"subcarrierSpacing":"kHz30"},"pdcch-ConfigCommon":{"setup":{"commonSearchSpaceList":[{"searchSpaceId":1,"controlResourceSetId":0,"monitoringSlotPeriodicityAndOffset":{},"monitoringSymbolsWithinSlot":"10000000000000","nrofCandidates":{"aggregationLevel1":"n0","aggregationLevel2":"n0","aggregationLevel4":"n4","aggregationLevel8":"n0","aggregationLevel16":"n0"},"searchSpaceType":{"common":{"dci-Format0-0-AndFormat1-0":{}}}}],"searchSpaceSIB1":0,"searchSpaceOtherSystemInformation":1,"pagingSearchSpace":1,"ra-SearchSpace":1}},"pdsch-ConfigCommon":{"setup":{"pdsch-TimeDomainAllocationList":[{"mappingType":"typeA","startSymbolAndLength":40},{"mappingType":"typeA","startSymbolAndLength":96}]}}},"bcch-Config":{"modificationPeriodCoeff":"n4"},"pcch-Config":{"defaultPagingCycle":"rf128","nAndPagingFrameOffset":{},"ns":"one"}},"uplinkConfigCommon":{"frequencyInfoUL":{"scs-SpecificCarrierList":[{"offsetToCarrier":0,"subcarrierSpacing":"kHz30","carrierBandwidth":273}]},"initialUplinkBWP":{"genericParameters":{"locationAndBandwidth":1099,"subcarrierSpacing":"kHz30"},"rach-ConfigCommon":{"setup":{"rach-ConfigGeneric":{"prach-ConfigurationIndex":160,"msg1-FDM":"one","msg1-FrequencyStart":0,"zeroCorrelationZoneConfig":15,"preambleReceivedTargetPower":-60,"preambleTransMax":"n7","powerRampingStep":"dB4","ra-ResponseWindow":"sl20"},"ssb-perRACH-OccasionAndCB-PreamblesPerSSB":{"one":"n8"},"ra-ContentionResolutionTimer":"sf64","prach-RootSequenceIndex":{"l139":1},"msg1-SubcarrierSpacing":"kHz30","restrictedSetConfig":"unrestrictedSet"}},"pusch-ConfigCommon":{"setup":{"pusch-TimeDomainAllocationList":[{"k2":4,"mappingType":"typeA","startSymbolAndLength":27},{"k2":3,"mappingType":"typeA","startSymbolAndLength":27}],"p0-NominalWithGrant":-84}},"pucch-ConfigCommon":{"setup":{"pucch-ResourceCommon":11,"pucch-GroupHopping":"neither","p0-nominal":-96}}},"timeAlignmentTimerCommon":"infinity"},"ssb-PositionsInBurst":{"inOneGroup":"10000000"},"ssb-PeriodicityServingCell":"ms20","tdd-UL-DL-ConfigurationCommon":{"referenceSubcarrierSpacing":"kHz30","pattern1":{"dl-UL-TransmissionPeriodicity":"ms2p5","nrofDownlinkSlots":3,"nrofDownlinkSymbols":10,"nrofUplinkSlots":1,"nrofUplinkSymbols":2}},"ss-PBCH-BlockPower":-35},"ue-TimersAndConstants":{"t300":"ms1000","t301":"ms1000","t310":"ms1000","n310":"n1","t311":"ms30000","n311":"n1","t319":"ms1000"}} - RAW: 64810170104004020003e8002468a034842684c000018830225987cdc100800008020001041a22830121000000c41c0896644a0001f1c9563e02494620dc31b76ad8d5d0082a03a009195b461400000000000000
10:29:05.726336 INFO      CELL       nr_dl_decode_cell.cpp:193  RACH Parameters [logger.earfcn: 630000, logger.pci: 500, logger.tti: 60.10:13, rach_cfg_common.rach_cfg_generic.prach_cfg_idx: 160, rach_cfg_common.rach_cfg_generic.zero_correlation_zone_cfg: 15, rach_cfg_common.prach_root_seq_idx.l139(): 1, rach_cfg_common.rach_cfg_generic.ra_resp_win.to_number(): 20]
10:29:05.727040 INFO      CELL       nr_pdsch_decoder.cpp:66    Initializing srsRAN PDSCH decoder [logger.earfcn: 630000, logger.pci: 500, logger.tti: 0.0:0, symbol_sz: 3300, carrier.nof_prb: 275, carrier.offset_to_carrier: 0]
10:29:05.728371 INFO      PHY        dci_decoder_1_0_rarnti.cpp:60 Looking for 1 RA-RNTIs: 010d
10:29:05.729192 INFO      CELL       nr_pdsch_decoder.cpp:66    Initializing srsRAN PDSCH decoder [logger.earfcn: 630000, logger.pci: 500, logger.tti: 0.0:0, symbol_sz: 3300, carrier.nof_prb: 275, carrier.offset_to_carrier: 0]
10:29:05.730619 INFO      OTHER      nr_pusch_encoder.cpp:35    Creating NR PUSCH Encoder with 273 PRBs
10:29:05.732028 INFO      OTHER      nr_pusch_encoder.cpp:35    Creating NR PUSCH Encoder with 273 PRBs
10:29:05.733558 ERROR     SYNC       nr_sync_signals.cpp:230    [0,500] [60.12:13] Overflow!
10:29:05.733609 INFO      SYNC       nr_sync_signals.cpp:300    [0,500] [61.5:11] Synchronized again!
10:29:08.901210 INFO      SYNC       nr_sync_signals.cpp:193    [0,500] [378.0:13] realigning by 2 (1x)
10:29:10.494722 INFO      MULTI_CELL multi_cell_radio.cpp:137   Rx 0 Stats: RMS -44.084908 dBFS, Max -14.707982 dBFS, calculated over the last 936009728 samples
10:29:20.494708 INFO      MULTI_CELL multi_cell_radio.cpp:137   Rx 0 Stats: RMS -44.093925 dBFS, Max -14.766756 dBFS, calculated over the last 1843200000 samples
10:29:24.721221 INFO      SYNC       nr_sync_signals.cpp:193    [0,500] [936.0:13] realigning by 2 (3x)
10:29:30.494710 INFO      MULTI_CELL multi_cell_radio.cpp:137   Rx 0 Stats: RMS -44.104065 dBFS, Max -14.653233 dBFS, calculated over the last 1843200000 samples
10:29:32.337315 ERROR     SYNC       nr_sync_signals.cpp:230    [0,500] [673.10:9] Overflow!
10:29:32.337378 INFO      SYNC       nr_sync_signals.cpp:300    [0,500] [673.13:4] Synchronized again!
10:29:32.341862 WARNING   UE         nr_ue_state.cpp:117        [630000,500] [674.1:0] [4602] Attacking UE (attack_all is true)
10:29:32.341862 WARNING   UE         nr_ue_state.cpp:150        [630000,500] [674.1:0] [4602] RRC Setup received
10:29:32.341987 INFO      OTHER      dci_decoder_x_1_crnti.cpp:41 [630000,500] [0.0:0] [4602] Created 0_1 UL CRNTI decoder for 41 bits carrier_indicator_bits: 0 ul_sul_indicator_bits: 0 bwp_indicator_bits: 0 freq_domain_resource_assignment_bits: 16 time_domain_resource_assignment_bits: 1 freq_hopping_flag_bits: 0 first_dl_assignment_idx_bits: 2 second_dl_assignment_idx_bits: 0 srs_resource_indicator_bits: 0 precoding_information_bits: 0 antenna_ports_bits: 3 srs_request_bits: 2 csi_request_bits: 0 cbg_transmission_information_bits: 0 ptrs_dmrs_association_bits: 0 beta_offset_indicator_bits: 0 dmrs_sequence_initialization_bits: 1 pusch_cfg_common_cached_present: 1 ul_bwp_n_rbs: 273 scs_common_hz: 30000 c_rnti: 17922
10:29:32.341988 INFO      OTHER      dci_decoder_x_1_crnti.cpp:46 [630000,500] [0.0:0] [4602] Created 1_1 DL CRNTI decoder for 46 bits, carrier_indicator_bits: 0 bwp_indicator_bits: 0 freq_domain_resource_assignment_bits: 16 time_domain_resource_assignment_bits: 1 vrb_to_prb_bits: 0 prb_bundling_size_bits: 0 rate_matching_indicator_bits: 0 zp_csi_rs_bits: 0 max_nr_codewords_scheduled: 1 dl_assignment_idx_bits: 2 pdsch_to_harq_indicator_bits: 2 antenna_port_bits: 4 transmission_configuration_indication_bits: 0 cbg_transmission_information_bits: 0 cbg_flushing_out_information_bits: 0
10:29:32.368347 INFO      OTHER      dci_decoder_x_1_crnti.cpp:140 [630000,500] [676.15:0] [4602] Found UL DCI 0_1 format - 41 bits - 00010000000001010000000100000011010000001 - {"freq_domain_resource_assignment":8202,"time_domain_resource_assignment":0,"mcs":0,"new_data_indicator":true,"rv":0,"harq_pid":0,"first_downlink_assignment_index":3,"tpc_for_pusch":1,"antenna_ports":0,"srs_request":0,"dmrs_sequence_initialization":0,"ul_sch_indicator":true} -   DMRS:    type=1    add_pos=3    len=single    typeA_pos=2    rvd_pattern: begin=0 end=275 stride=1 sc=101010101010 symb=00100100100100   Grant:    rnti=0x4602    rnti_type=C-RNTI    k=4    mapping=A    t_alloc=0:14    f_alloc=12:31    nof_dmrs_cdm_grps=1    beta_dmrs=1.000000    nof_layers=1    n_scid=0    tb_scaling_field=0    CW0:      mod=QPSK      nof_layers=1      mcs=0      tbs=1064      R=0.117      rv=0      ndi=1      nof_re=4464      nof_bits=8928  SCH:    mcs_table=64qam    xoverhead=0
10:29:32.368451 INFO      UE         nr_ue_state.cpp:304        [630000,500] [676.15:0] [4602] Attacking with TRIGGER_AUTH_REQUEST_FROM_CAPTURED_SUCI
10:29:32.368565 INFO      OTHER      nr_pusch_encoder.cpp:228   First Symbol 0 sent 1418.4745913196073us in advance, with -15.547376 dBFS RMS, -5.48573 dBFS Max
10:29:32.373825 INFO      OTHER      dci_decoder_x_1_crnti.cpp:172 [630000,500] [677.6:0] [4602] Found DL DCI 1_1 format - 46 bits - 1000000010001000100000000000000001000010000000 - {"freq_domain_resource_assignment":273,"time_domain_resource_assignment":0,"tbs":[{"mcs":0,"new_data_indicator":false,"rv":0}],"harq_pid":0,"downlink_assignment_index":0,"tpc_for_pucch":1,"pucch_resource_indicator":0,"pdsch_to_harq_feedback_timing_indicator":1,"antenna_ports_and_number_of_layers":0,"srs_request":0,"dmrs_sequence_initialization":false} -   DMRS:    type=1    add_pos=2    len=single    typeA_pos=2    rvd_pattern: begin=0 end=275 stride=1 sc=101010101010 symb=00100001000100   Grant:    rnti=0x4602    rnti_type=C-RNTI    k=0    mapping=A    t_alloc=1:13    f_alloc=0:2    nof_dmrs_cdm_grps=1    beta_dmrs=1.000000    nof_layers=1    n_scid=0    tb_scaling_field=0    CW0:      mod=QPSK      nof_layers=1      mcs=0      tbs=64      R=0.117      rv=0      ndi=0      nof_re=276      nof_bits=552  SCH:    mcs_table=64qam    xoverhead=0
10:29:32.374213 INFO      UE         nr_ue_state.cpp:428        [630000,500] [677.6:0] [4602] Failed to Prase RLC, LCID: 1, Data: 000100
10:29:32.375823 INFO      OTHER      dci_decoder_x_1_crnti.cpp:140 [630000,500] [677.10:0] [4602] Found UL DCI 0_1 format - 41 bits - 00010000000000000000000000000001010000001 - {"freq_domain_resource_assignment":8192,"time_domain_resource_assignment":0,"mcs":0,"new_data_indicator":false,"rv":0,"harq_pid":0,"first_downlink_assignment_index":1,"tpc_for_pusch":1,"antenna_ports":0,"srs_request":0,"dmrs_sequence_initialization":0,"ul_sch_indicator":true} -   DMRS:    type=1    add_pos=3    len=single    typeA_pos=2    rvd_pattern: begin=0 end=275 stride=1 sc=101010101010 symb=00100100100100   Grant:    rnti=0x4602    rnti_type=C-RNTI    k=4    mapping=A    t_alloc=0:14    f_alloc=2:31    nof_dmrs_cdm_grps=1    beta_dmrs=1.000000    nof_layers=1    n_scid=0    tb_scaling_field=0    CW0:      mod=QPSK      nof_layers=1      mcs=0      tbs=1064      R=0.117      rv=0      ndi=0      nof_re=4464      nof_bits=8928  SCH:    mcs_table=64qam    xoverhead=0
10:29:32.375835 INFO      OTHER      dci_decoder_x_1_crnti.cpp:172 [630000,500] [677.10:0] [4602] Found DL DCI 1_1 format - 46 bits - 1000011101110111000000010000010101000000000000 - {"freq_domain_resource_assignment":3822,"time_domain_resource_assignment":0,"tbs":[{"mcs":0,"new_data_indicator":true,"rv":0}],"harq_pid":1,"downlink_assignment_index":1,"tpc_for_pucch":1,"pucch_resource_indicator":0,"pdsch_to_harq_feedback_timing_indicator":0,"antenna_ports_and_number_of_layers":0,"srs_request":0,"dmrs_sequence_initialization":false} -   DMRS:    type=1    add_pos=2    len=single    typeA_pos=2    rvd_pattern: begin=0 end=275 stride=1 sc=101010101010 symb=00100001000100   Grant:    rnti=0x4602    rnti_type=C-RNTI    k=0    mapping=A    t_alloc=1:13    f_alloc=0:15    nof_dmrs_cdm_grps=1    beta_dmrs=1.000000    nof_layers=1    n_scid=0    tb_scaling_field=0    CW0:      mod=QPSK      nof_layers=1      mcs=0      tbs=480      R=0.117      rv=0      ndi=1      nof_re=2070      nof_bits=4140  SCH:    mcs_table=64qam    xoverhead=0
10:29:32.375850 INFO      UE         nr_ue_state.cpp:396        [630000,500] [677.10:0] [4602] UE did not supply a payload, not sending anything
10:29:32.376249 WARNING   UE         nr_ue_state.cpp:516        [630000,500] [677.10:0] [4602] NAS Type: Authentication request
10:29:32.388330 INFO      OTHER      dci_decoder_x_1_crnti.cpp:140 [630000,500] [678.15:0] [4602] Found UL DCI 0_1 format - 41 bits - 00010000000001010000000100000011010000001 - {"freq_domain_resource_assignment":8202,"time_domain_resource_assignment":0,"mcs":0,"new_data_indicator":true,"rv":0,"harq_pid":0,"first_downlink_assignment_index":3,"tpc_for_pusch":1,"antenna_ports":0,"srs_request":0,"dmrs_sequence_initialization":0,"ul_sch_indicator":true} -   DMRS:    type=1    add_pos=3    len=single    typeA_pos=2    rvd_pattern: begin=0 end=275 stride=1 sc=101010101010 symb=00100100100100   Grant:    rnti=0x4602    rnti_type=C-RNTI    k=4    mapping=A    t_alloc=0:14    f_alloc=12:31    nof_dmrs_cdm_grps=1    beta_dmrs=1.000000    nof_layers=1    n_scid=0    tb_scaling_field=0    CW0:      mod=QPSK      nof_layers=1      mcs=0      tbs=1064      R=0.117      rv=0      ndi=1      nof_re=4464      nof_bits=8928  SCH:    mcs_table=64qam    xoverhead=0
10:29:32.388342 INFO      UE         nr_ue_state.cpp:396        [630000,500] [678.15:0] [4602] UE did not supply a payload, not sending anything
10:29:32.393809 INFO      OTHER      dci_decoder_x_1_crnti.cpp:172 [630000,500] [679.6:0] [4602] Found DL DCI 1_1 format - 46 bits - 1000000100010000000000010000000001000010000000 - {"freq_domain_resource_assignment":544,"time_domain_resource_assignment":0,"tbs":[{"mcs":0,"new_data_indicator":true,"rv":0}],"harq_pid":0,"downlink_assignment_index":0,"tpc_for_pucch":1,"pucch_resource_indicator":0,"pdsch_to_harq_feedback_timing_indicator":1,"antenna_ports_and_number_of_layers":0,"srs_request":0,"dmrs_sequence_initialization":false} -   DMRS:    type=1    add_pos=2    len=single    typeA_pos=2    rvd_pattern: begin=0 end=275 stride=1 sc=101010101010 symb=00100001000100   Grant:    rnti=0x4602    rnti_type=C-RNTI    k=0    mapping=A    t_alloc=1:13    f_alloc=271:2    nof_dmrs_cdm_grps=1    beta_dmrs=1.000000    nof_layers=1    n_scid=0    tb_scaling_field=0    CW0:      mod=QPSK      nof_layers=1      mcs=0      tbs=64      R=0.117      rv=0      ndi=1      nof_re=276      nof_bits=552  SCH:    mcs_table=64qam    xoverhead=0
10:29:32.394229 INFO      UE         nr_ue_state.cpp:428        [630000,500] [679.6:0] [4602] Failed to Prase RLC, LCID: 1, Data: 000200
10:29:32.394318 INFO      OTHER      dci_decoder_x_1_crnti.cpp:172 [630000,500] [679.7:0] [4602] Found DL DCI 1_1 format - 46 bits - 1000011111111000000000000000010101000100000000 - {"freq_domain_resource_assignment":4080,"time_domain_resource_assignment":0,"tbs":[{"mcs":0,"new_data_indicator":false,"rv":0}],"harq_pid":1,"downlink_assignment_index":1,"tpc_for_pucch":1,"pucch_resource_indicator":0,"pdsch_to_harq_feedback_timing_indicator":2,"antenna_ports_and_number_of_layers":0,"srs_request":0,"dmrs_sequence_initialization":false} -   DMRS:    type=1    add_pos=2    len=single    typeA_pos=2    rvd_pattern: begin=0 end=275 stride=1 sc=101010101010 symb=00100001000100   Grant:    rnti=0x4602    rnti_type=C-RNTI    k=0    mapping=A    t_alloc=1:13    f_alloc=258:15    nof_dmrs_cdm_grps=1    beta_dmrs=1.000000    nof_layers=1    n_scid=0    tb_scaling_field=0    CW0:      mod=QPSK      nof_layers=1      mcs=0      tbs=480      R=0.117      rv=0      ndi=0      nof_re=2070      nof_bits=4140  SCH:    mcs_table=64qam    xoverhead=0
10:29:32.394741 WARNING   UE         nr_ue_state.cpp:516        [630000,500] [679.7:0] [4602] NAS Type: Authentication request
10:29:32.408329 INFO      OTHER      dci_decoder_x_1_crnti.cpp:140 [630000,500] [680.15:0] [4602] Found UL DCI 0_1 format - 41 bits - 00010000000001010000000000000011010000001 - {"freq_domain_resource_assignment":8202,"time_domain_resource_assignment":0,"mcs":0,"new_data_indicator":false,"rv":0,"harq_pid":0,"first_downlink_assignment_index":3,"tpc_for_pusch":1,"antenna_ports":0,"srs_request":0,"dmrs_sequence_initialization":0,"ul_sch_indicator":true} -   DMRS:    type=1    add_pos=3    len=single    typeA_pos=2    rvd_pattern: begin=0 end=275 stride=1 sc=101010101010 symb=00100100100100   Grant:    rnti=0x4602    rnti_type=C-RNTI    k=4    mapping=A    t_alloc=0:14    f_alloc=12:31    nof_dmrs_cdm_grps=1    beta_dmrs=1.000000    nof_layers=1    n_scid=0    tb_scaling_field=0    CW0:      mod=QPSK      nof_layers=1      mcs=0      tbs=1064      R=0.117      rv=0      ndi=0      nof_re=4464      nof_bits=8928  SCH:    mcs_table=64qam    xoverhead=0
10:29:32.408340 INFO      UE         nr_ue_state.cpp:396        [630000,500] [680.15:0] [4602] UE did not supply a payload, not sending anything
10:29:32.413825 INFO      OTHER      dci_decoder_x_1_crnti.cpp:172 [630000,500] [681.6:0] [4602] Found DL DCI 1_1 format - 46 bits - 1000000010001000100000000000000001000010000000 - {"freq_domain_resource_assignment":273,"time_domain_resource_assignment":0,"tbs":[{"mcs":0,"new_data_indicator":false,"rv":0}],"harq_pid":0,"downlink_assignment_index":0,"tpc_for_pucch":1,"pucch_resource_indicator":0,"pdsch_to_harq_feedback_timing_indicator":1,"antenna_ports_and_number_of_layers":0,"srs_request":0,"dmrs_sequence_initialization":false} -   DMRS:    type=1    add_pos=2    len=single    typeA_pos=2    rvd_pattern: begin=0 end=275 stride=1 sc=101010101010 symb=00100001000100   Grant:    rnti=0x4602    rnti_type=C-RNTI    k=0    mapping=A    t_alloc=1:13    f_alloc=0:2    nof_dmrs_cdm_grps=1    beta_dmrs=1.000000    nof_layers=1    n_scid=0    tb_scaling_field=0    CW0:      mod=QPSK      nof_layers=1      mcs=0      tbs=64      R=0.117      rv=0      ndi=0      nof_re=276      nof_bits=552  SCH:    mcs_table=64qam    xoverhead=0
10:29:32.414220 INFO      UE         nr_ue_state.cpp:428        [630000,500] [681.6:0] [4602] Failed to Prase RLC, LCID: 1, Data: 000300
10:29:32.414814 INFO      OTHER      dci_decoder_x_1_crnti.cpp:172 [630000,500] [681.8:0] [4602] Found DL DCI 1_1 format - 46 bits - 1000011101110000010000010000010101000110000000 - {"freq_domain_resource_assignment":3808,"time_domain_resource_assignment":1,"tbs":[{"mcs":0,"new_data_indicator":true,"rv":0}],"harq_pid":1,"downlink_assignment_index":1,"tpc_for_pucch":1,"pucch_resource_indicator":0,"pdsch_to_harq_feedback_timing_indicator":3,"antenna_ports_and_number_of_layers":0,"srs_request":0,"dmrs_sequence_initialization":false} -   DMRS:    type=1    add_pos=2    len=single    typeA_pos=2    rvd_pattern: begin=0 end=275 stride=1 sc=101010101010 symb=00100010010000   Grant:    rnti=0x4602    rnti_type=C-RNTI    k=0    mapping=A    t_alloc=1:9    f_alloc=259:14    nof_dmrs_cdm_grps=1    beta_dmrs=1.000000    nof_layers=1    n_scid=0    tb_scaling_field=0    CW0:      mod=QPSK      nof_layers=1      mcs=0      tbs=288      R=0.117      rv=0      ndi=1      nof_re=1260      nof_bits=2520  SCH:    mcs_table=64qam    xoverhead=0
10:29:32.415082 ERROR     UE         nr_ue_state.cpp:498        [630000,500] [681.8:0] [4602] This is indeed the UE we're looking for!
10:29:32.415082 WARNING   UE         nr_ue_state.cpp:511        [630000,500] [681.8:0] [4602] NAS Type: Security mode command, erasing UE state
10:29:35.341222 INFO      SYNC       nr_sync_signals.cpp:201    [0,500] [974.0:13] realigning by -10, receiving 6662 at idx 10 (1x)
^Cterminate called recursively
terminate called after throwing an instance of 'boost::wrapexcept<boost::lock_error>'
  what():  boost: mutex lock failed in pthread_mutex_lock: Invalid argument
